{"C:\\Users\\andre\\OneDrive\\Documentos\\numero_9\\src\\routes\\artistas.js": {"path":"C:\\Users\\andre\\OneDrive\\Documentos\\numero_9\\src\\routes\\artistas.js","statementMap":{"0":{"start":{"line":1,"column":16},"end":{"line":1,"column":34}},"1":{"start":{"line":2,"column":15},"end":{"line":2,"column":31}},"2":{"start":{"line":3,"column":11},"end":{"line":3,"column":24}},"3":{"start":{"line":4,"column":13},"end":{"line":4,"column":28}},"4":{"start":{"line":6,"column":15},"end":{"line":6,"column":64}},"5":{"start":{"line":8,"column":15},"end":{"line":8,"column":65}},"6":{"start":{"line":8,"column":21},"end":{"line":8,"column":65}},"7":{"start":{"line":9,"column":16},"end":{"line":9,"column":90}},"8":{"start":{"line":9,"column":26},"end":{"line":9,"column":90}},"9":{"start":{"line":11,"column":0},"end":{"line":40,"column":3}},"10":{"start":{"line":12,"column":4},"end":{"line":39,"column":5}},"11":{"start":{"line":13,"column":19},"end":{"line":13,"column":27}},"12":{"start":{"line":14,"column":76},"end":{"line":14,"column":84}},"13":{"start":{"line":16,"column":8},"end":{"line":18,"column":9}},"14":{"start":{"line":17,"column":12},"end":{"line":17,"column":107}},"15":{"start":{"line":20,"column":30},"end":{"line":20,"column":88}},"16":{"start":{"line":20,"column":52},"end":{"line":20,"column":87}},"17":{"start":{"line":21,"column":8},"end":{"line":23,"column":9}},"18":{"start":{"line":22,"column":12},"end":{"line":22,"column":96}},"19":{"start":{"line":25,"column":29},"end":{"line":31,"column":9}},"20":{"start":{"line":33,"column":8},"end":{"line":33,"column":39}},"21":{"start":{"line":34,"column":8},"end":{"line":34,"column":20}},"22":{"start":{"line":36,"column":8},"end":{"line":36,"column":87}},"23":{"start":{"line":38,"column":8},"end":{"line":38,"column":51}},"24":{"start":{"line":42,"column":0},"end":{"line":72,"column":3}},"25":{"start":{"line":43,"column":4},"end":{"line":71,"column":5}},"26":{"start":{"line":44,"column":19},"end":{"line":44,"column":27}},"27":{"start":{"line":45,"column":56},"end":{"line":45,"column":64}},"28":{"start":{"line":47,"column":23},"end":{"line":47,"column":70}},"29":{"start":{"line":47,"column":44},"end":{"line":47,"column":69}},"30":{"start":{"line":48,"column":24},"end":{"line":48,"column":89}},"31":{"start":{"line":48,"column":46},"end":{"line":48,"column":88}},"32":{"start":{"line":50,"column":8},"end":{"line":52,"column":9}},"33":{"start":{"line":51,"column":12},"end":{"line":51,"column":82}},"34":{"start":{"line":53,"column":8},"end":{"line":55,"column":9}},"35":{"start":{"line":54,"column":12},"end":{"line":54,"column":97}},"36":{"start":{"line":57,"column":8},"end":{"line":59,"column":9}},"37":{"start":{"line":58,"column":12},"end":{"line":58,"column":110}},"38":{"start":{"line":61,"column":8},"end":{"line":61,"column":62}},"39":{"start":{"line":63,"column":8},"end":{"line":63,"column":20}},"40":{"start":{"line":65,"column":8},"end":{"line":68,"column":11}},"41":{"start":{"line":70,"column":8},"end":{"line":70,"column":71}},"42":{"start":{"line":74,"column":0},"end":{"line":74,"column":24}}},"fnMap":{"0":{"name":"(anonymous_0)","decl":{"start":{"line":8,"column":15},"end":{"line":8,"column":16}},"loc":{"start":{"line":8,"column":21},"end":{"line":8,"column":65}},"line":8},"1":{"name":"(anonymous_1)","decl":{"start":{"line":9,"column":16},"end":{"line":9,"column":17}},"loc":{"start":{"line":9,"column":26},"end":{"line":9,"column":90}},"line":9},"2":{"name":"(anonymous_2)","decl":{"start":{"line":11,"column":17},"end":{"line":11,"column":18}},"loc":{"start":{"line":11,"column":31},"end":{"line":40,"column":1}},"line":11},"3":{"name":"(anonymous_3)","decl":{"start":{"line":20,"column":47},"end":{"line":20,"column":48}},"loc":{"start":{"line":20,"column":52},"end":{"line":20,"column":87}},"line":20},"4":{"name":"(anonymous_4)","decl":{"start":{"line":42,"column":25},"end":{"line":42,"column":26}},"loc":{"start":{"line":42,"column":39},"end":{"line":72,"column":1}},"line":42},"5":{"name":"(anonymous_5)","decl":{"start":{"line":47,"column":39},"end":{"line":47,"column":40}},"loc":{"start":{"line":47,"column":44},"end":{"line":47,"column":69}},"line":47},"6":{"name":"(anonymous_6)","decl":{"start":{"line":48,"column":41},"end":{"line":48,"column":42}},"loc":{"start":{"line":48,"column":46},"end":{"line":48,"column":88}},"line":48}},"branchMap":{"0":{"loc":{"start":{"line":16,"column":8},"end":{"line":18,"column":9}},"type":"if","locations":[{"start":{"line":16,"column":8},"end":{"line":18,"column":9}},{"start":{},"end":{}}],"line":16},"1":{"loc":{"start":{"line":16,"column":12},"end":{"line":16,"column":53}},"type":"binary-expr","locations":[{"start":{"line":16,"column":12},"end":{"line":16,"column":27}},{"start":{"line":16,"column":31},"end":{"line":16,"column":38}},{"start":{"line":16,"column":42},"end":{"line":16,"column":53}}],"line":16},"2":{"loc":{"start":{"line":21,"column":8},"end":{"line":23,"column":9}},"type":"if","locations":[{"start":{"line":21,"column":8},"end":{"line":23,"column":9}},{"start":{},"end":{}}],"line":21},"3":{"loc":{"start":{"line":29,"column":23},"end":{"line":29,"column":54}},"type":"binary-expr","locations":[{"start":{"line":29,"column":23},"end":{"line":29,"column":32}},{"start":{"line":29,"column":36},"end":{"line":29,"column":54}}],"line":29},"4":{"loc":{"start":{"line":30,"column":22},"end":{"line":30,"column":48}},"type":"binary-expr","locations":[{"start":{"line":30,"column":22},"end":{"line":30,"column":30}},{"start":{"line":30,"column":34},"end":{"line":30,"column":48}}],"line":30},"5":{"loc":{"start":{"line":50,"column":8},"end":{"line":52,"column":9}},"type":"if","locations":[{"start":{"line":50,"column":8},"end":{"line":52,"column":9}},{"start":{},"end":{}}],"line":50},"6":{"loc":{"start":{"line":53,"column":8},"end":{"line":55,"column":9}},"type":"if","locations":[{"start":{"line":53,"column":8},"end":{"line":55,"column":9}},{"start":{},"end":{}}],"line":53},"7":{"loc":{"start":{"line":57,"column":8},"end":{"line":59,"column":9}},"type":"if","locations":[{"start":{"line":57,"column":8},"end":{"line":59,"column":9}},{"start":{},"end":{}}],"line":57}},"s":{"0":1,"1":1,"2":1,"3":1,"4":1,"5":1,"6":3,"7":1,"8":1,"9":1,"10":3,"11":3,"12":3,"13":3,"14":1,"15":2,"16":1,"17":2,"18":1,"19":1,"20":1,"21":1,"22":1,"23":0,"24":1,"25":0,"26":0,"27":0,"28":0,"29":0,"30":0,"31":0,"32":0,"33":0,"34":0,"35":0,"36":0,"37":0,"38":0,"39":0,"40":0,"41":0,"42":1},"f":{"0":3,"1":1,"2":3,"3":1,"4":0,"5":0,"6":0},"b":{"0":[1,2],"1":[3,3,2],"2":[1,1],"3":[1,1],"4":[1,1],"5":[0,0],"6":[0,0],"7":[0,0]},"_coverageSchema":"1a1c01bbd47fc00a2c39e90264f33305004495a9","hash":"04c491f24dd82711952d321e6818c2cce7c42bff"}
}
